Base path: /Applications/Unity/Unity.app/Contents
Pipe name: \\.\pipe\UnityShaderCompiler-64bit-1-2052248320
Cmd: getPlatforms
Cmd: compileSnippet
  api=0 type=0 insize=9591 outsize=6366 kw=UNITY_COLORSPACE_GAMMA ok=1
Cmd: compileSnippet
  api=0 type=1 insize=9591 outsize=6 kw=UNITY_COLORSPACE_GAMMA ok=1
Cmd: compileSnippet
  api=0 type=0 insize=541 outsize=1880 kw=SHADOWS_DEPTH ok=1
Cmd: compileSnippet
  api=0 type=1 insize=541 outsize=6 kw=SHADOWS_DEPTH ok=1
Cmd: compileSnippet
  api=0 type=0 insize=7523 outsize=4306 kw=DIRECTIONAL SHADOWS_OFF LIGHTMAP_OFF DIRLIGHTMAP_OFF DYNAMICLIGHTMAP_OFF ok=1
Cmd: compileSnippet
  api=0 type=1 insize=7523 outsize=6 kw=DIRECTIONAL SHADOWS_OFF LIGHTMAP_OFF DIRLIGHTMAP_OFF DYNAMICLIGHTMAP_OFF ok=1
Cmd: compileSnippet
  api=0 type=0 insize=4918 outsize=3195 kw=DIRECTIONAL ok=1
Cmd: compileSnippet
  api=0 type=1 insize=4918 outsize=6 kw=DIRECTIONAL ok=1
Cmd: compileSnippet
  api=0 type=0 insize=6731 outsize=2239 kw=DIRECTIONAL LIGHTMAP_OFF DIRLIGHTMAP_OFF DYNAMICLIGHTMAP_OFF ok=1
Cmd: compileSnippet
  api=0 type=1 insize=6731 outsize=6 kw=DIRECTIONAL LIGHTMAP_OFF DIRLIGHTMAP_OFF DYNAMICLIGHTMAP_OFF ok=1
Cmd: compileSnippet
  api=0 type=0 insize=3569 outsize=1428 kw=DIRECTIONAL ok=1
Cmd: compileSnippet
  api=0 type=1 insize=3569 outsize=6 kw=DIRECTIONAL ok=1
Cmd: compileSnippet
  api=0 type=0 insize=751 outsize=1880 kw=SHADOWS_DEPTH ok=1
Cmd: compileSnippet
  api=0 type=1 insize=751 outsize=6 kw=SHADOWS_DEPTH ok=1
Cmd: compileSnippet
  api=0 type=0 insize=982 outsize=9749 kw=DIRECTIONAL SHADOWS_OFF LIGHTMAP_OFF DIRLIGHTMAP_OFF DYNAMICLIGHTMAP_OFF ok=1
Cmd: compileSnippet
  api=0 type=1 insize=982 outsize=6 kw=DIRECTIONAL SHADOWS_OFF LIGHTMAP_OFF DIRLIGHTMAP_OFF DYNAMICLIGHTMAP_OFF ok=1
Cmd: compileSnippet
  api=0 type=0 insize=938 outsize=5621 kw=DIRECTIONAL SHADOWS_OFF ok=1
Cmd: compileSnippet
  api=0 type=1 insize=938 outsize=6 kw=DIRECTIONAL SHADOWS_OFF ok=1
Cmd: preprocess
  insize=9195 outsize=2321 ok=1
Cmd: compileSnippet
  api=0 type=0 insize=6522 outsize=1018 kw= ok=1
Cmd: compileSnippet
  api=0 type=1 insize=6522 outsize=6 kw= ok=1
Cmd: compileSnippet
  api=0 type=0 insize=6517 outsize=1841 kw= ok=1
Cmd: compileSnippet
  api=0 type=1 insize=6517 outsize=6 kw= ok=1
Cmd: compileSnippet
  api=0 type=0 insize=6517 outsize=868 kw= ok=1
Cmd: compileSnippet
  api=0 type=1 insize=6517 outsize=6 kw= ok=1
Cmd: compileSnippet
  api=0 type=0 insize=6517 outsize=868 kw= ok=1
Cmd: compileSnippet
  api=0 type=1 insize=6517 outsize=6 kw= ok=1
Cmd: compileSnippet
  api=0 type=0 insize=6519 outsize=1142 kw= ok=1
Cmd: compileSnippet
  api=0 type=1 insize=6519 outsize=6 kw= ok=1
Cmd: compileSnippet
  api=0 type=0 insize=6519 outsize=668 kw= ok=1
Cmd: compileSnippet
  api=0 type=1 insize=6519 outsize=6 kw= ok=1
Cmd: compileSnippet
  api=0 type=0 insize=6528 outsize=890 kw= ok=1
Cmd: compileSnippet
  api=0 type=1 insize=6528 outsize=6 kw= ok=1
Cmd: compileSnippet
  api=0 type=0 insize=6533 outsize=620 kw= ok=1
Cmd: compileSnippet
  api=0 type=1 insize=6533 outsize=6 kw= ok=1
Cmd: compileSnippet
  api=0 type=0 insize=6526 outsize=414 kw= ok=1
Cmd: compileSnippet
  api=0 type=1 insize=6526 outsize=6 kw= ok=1
Cmd: compileSnippet
  api=0 type=0 insize=6524 outsize=957 kw= ok=1
Cmd: compileSnippet
  api=0 type=1 insize=6524 outsize=6 kw= ok=1
Cmd: compileSnippet
  api=0 type=0 insize=6531 outsize=1071 kw= ok=1
Cmd: compileSnippet
  api=0 type=1 insize=6531 outsize=6 kw= ok=1
Cmd: preprocess
  insize=1209 outsize=458 ok=1
Cmd: compileSnippet
  api=0 type=0 insize=997 outsize=514 kw= ok=1
Cmd: compileSnippet
  api=0 type=1 insize=997 outsize=6 kw= ok=1
Cmd: compileSnippet
  api=0 type=0 insize=996 outsize=514 kw= ok=1
Cmd: compileSnippet
  api=0 type=1 insize=996 outsize=6 kw= ok=1
Cmd: preprocess
  insize=9741 outsize=918 ok=1
Cmd: compileSnippet
  api=0 type=0 insize=9031 outsize=2118 kw= ok=1
Cmd: compileSnippet
  api=0 type=1 insize=9031 outsize=6 kw= ok=1
Cmd: compileSnippet
  api=0 type=0 insize=9035 outsize=2249 kw= ok=1
Cmd: compileSnippet
  api=0 type=1 insize=9035 outsize=6 kw= ok=1
Cmd: compileSnippet
  api=0 type=0 insize=9055 outsize=2765 kw= ok=1
Cmd: compileSnippet
  api=0 type=1 insize=9055 outsize=6 kw= ok=1
Cmd: compileSnippet
  api=0 type=0 insize=9050 outsize=4219 kw= ok=1
Cmd: compileSnippet
  api=0 type=1 insize=9050 outsize=6 kw= ok=1
Cmd: compileSnippet
  api=0 type=0 insize=9054 outsize=1405 kw= ok=1
Cmd: compileSnippet
  api=0 type=1 insize=9054 outsize=6 kw= ok=1
Cmd: preprocess
  insize=1685 outsize=352 ok=1
Cmd: compileSnippet
  api=0 type=0 insize=1635 outsize=1552 kw= ok=1
Cmd: compileSnippet
  api=0 type=1 insize=1635 outsize=6 kw= ok=1
Cmd: preprocess
  insize=919 outsize=355 ok=1
Cmd: compileSnippet
  api=0 type=0 insize=869 outsize=732 kw= ok=1
Cmd: compileSnippet
  api=0 type=1 insize=869 outsize=6 kw= ok=1
Cmd: preprocess
  insize=1006 outsize=316 ok=1
Cmd: compileSnippet
  api=0 type=0 insize=995 outsize=530 kw= ok=1
Cmd: compileSnippet
  api=0 type=1 insize=995 outsize=6 kw= ok=1
Cmd: preprocess
  insize=1291 outsize=412 ok=1
Cmd: compileSnippet
  api=0 type=0 insize=1184 outsize=806 kw= ok=1
Cmd: compileSnippet
  api=0 type=1 insize=1184 outsize=6 kw= ok=1
Cmd: preprocess
  insize=3615 outsize=712 ok=1
Cmd: compileSnippet
  api=0 type=0 insize=3140 outsize=669 kw= ok=1
Cmd: compileSnippet
  api=0 type=1 insize=3140 outsize=6 kw= ok=1
Cmd: compileSnippet
  api=0 type=0 insize=3138 outsize=659 kw= ok=1
Cmd: compileSnippet
  api=0 type=1 insize=3138 outsize=6 kw= ok=1
Cmd: compileSnippet
  api=0 type=0 insize=3183 outsize=2026 kw= ok=1
Cmd: compileSnippet
  api=0 type=1 insize=3183 outsize=6 kw= ok=1
Cmd: preprocess
  insize=1235 outsize=409 ok=1
Cmd: compileSnippet
  api=0 type=0 insize=1131 outsize=1235 kw= ok=1
Cmd: compileSnippet
  api=0 type=1 insize=1131 outsize=6 kw= ok=1
Cmd: preprocess
  error: 2 plat 15 at (40): Can't find include file frag_ao.cginc
  error: 2 plat 15 at (43): Can't find include file frag_ao.cginc
  error: 2 plat 15 at (46): Can't find include file frag_ao.cginc
  error: 2 plat 15 at (49): Can't find include file frag_ao.cginc
  error: 2 plat 15 at (53): Can't find include file frag_ao.cginc
  insize=6551 outsize=798 ok=0
Cmd: preprocess
  insize=1173 outsize=314 ok=1
Cmd: compileSnippet
  api=0 type=0 insize=1164 outsize=972 kw= ok=1
Cmd: compileSnippet
  api=0 type=1 insize=1164 outsize=6 kw= ok=1
Cmd: preprocess
  insize=1515 outsize=1512 ok=1
Cmd: preprocess
  insize=2636 outsize=773 ok=1
Cmd: compileSnippet
  api=0 type=0 insize=1965 outsize=629 kw= ok=1
Cmd: compileSnippet
  api=0 type=1 insize=1965 outsize=6 kw= ok=1
Cmd: compileSnippet
  api=0 type=0 insize=1962 outsize=579 kw= ok=1
Cmd: compileSnippet
  api=0 type=1 insize=1962 outsize=6 kw= ok=1
Cmd: compileSnippet
  api=0 type=0 insize=1975 outsize=990 kw= ok=1
Cmd: compileSnippet
  api=0 type=1 insize=1975 outsize=6 kw= ok=1
Cmd: compileSnippet
  api=0 type=0 insize=1974 outsize=506 kw= ok=1
Cmd: compileSnippet
  api=0 type=1 insize=1974 outsize=6 kw= ok=1
Cmd: preprocess
  insize=968 outsize=305 ok=1
Cmd: compileSnippet
  api=0 type=0 insize=968 outsize=491 kw= ok=1
Cmd: compileSnippet
  api=0 type=1 insize=968 outsize=6 kw= ok=1
Cmd: preprocess
  insize=1420 outsize=347 ok=1
Cmd: compileSnippet
  api=0 type=0 insize=1379 outsize=1243 kw= ok=1
Cmd: compileSnippet
  api=0 type=1 insize=1379 outsize=6 kw= ok=1
Cmd: preprocess
  insize=1709 outsize=728 ok=1
Cmd: compileSnippet
  api=0 type=0 insize=1287 outsize=1092 kw= ok=1
Cmd: compileSnippet
  api=0 type=1 insize=1287 outsize=6 kw= ok=1
Cmd: preprocess
  insize=1403 outsize=346 ok=1
Cmd: compileSnippet
  api=0 type=0 insize=1359 outsize=1246 kw= ok=1
Cmd: compileSnippet
  api=0 type=1 insize=1359 outsize=6 kw= ok=1
Cmd: preprocess
  insize=1268 outsize=329 ok=1
Cmd: compileSnippet
  api=0 type=0 insize=1244 outsize=802 kw= ok=1
Cmd: compileSnippet
  api=0 type=1 insize=1244 outsize=6 kw= ok=1
Cmd: preprocess
  insize=2306 outsize=643 ok=1
Cmd: compileSnippet
  api=0 type=0 insize=1968 outsize=2190 kw= ok=1
Cmd: compileSnippet
  api=0 type=1 insize=1968 outsize=6 kw= ok=1
Cmd: preprocess
  insize=965 outsize=271 ok=1
Cmd: compileSnippet
  api=0 type=0 insize=994 outsize=700 kw= ok=1
Cmd: compileSnippet
  api=0 type=1 insize=994 outsize=6 kw= ok=1
Cmd: preprocess
  insize=790 outsize=320 ok=1
Cmd: compileSnippet
  api=0 type=0 insize=772 outsize=628 kw= ok=1
Cmd: compileSnippet
  api=0 type=1 insize=772 outsize=6 kw= ok=1
Cmd: preprocess
  insize=6455 outsize=995 ok=1
Cmd: compileSnippet
  api=0 type=0 insize=5436 outsize=394 kw= ok=1
Cmd: compileSnippet
  api=0 type=1 insize=5436 outsize=6 kw= ok=1
Cmd: compileSnippet
  api=0 type=0 insize=5443 outsize=1043 kw= ok=1
Cmd: compileSnippet
  api=0 type=1 insize=5443 outsize=6 kw= ok=1
Cmd: compileSnippet
  api=0 type=0 insize=5447 outsize=1582 kw= ok=1
Cmd: compileSnippet
  api=0 type=1 insize=5447 outsize=6 kw= ok=1
Cmd: compileSnippet
  api=0 type=0 insize=5448 outsize=1582 kw= ok=1
Cmd: compileSnippet
  api=0 type=1 insize=5448 outsize=6 kw= ok=1
Cmd: compileSnippet
  api=0 type=0 insize=5452 outsize=1637 kw= ok=1
Cmd: compileSnippet
  api=0 type=1 insize=5452 outsize=6 kw= ok=1
Cmd: compileSnippet
  api=0 type=0 insize=5453 outsize=1559 kw= ok=1
Cmd: compileSnippet
  api=0 type=1 insize=5453 outsize=6 kw= ok=1
Cmd: preprocess
  insize=1216 outsize=260 ok=1
Cmd: compileSnippet
  api=0 type=0 insize=1258 outsize=1114 kw= ok=1
Cmd: compileSnippet
  api=0 type=1 insize=1258 outsize=6 kw= ok=1
Cmd: preprocess
  insize=3601 outsize=704 ok=1
Cmd: compileSnippet
  api=0 type=0 insize=2929 outsize=1576 kw= ok=1
Cmd: compileSnippet
  api=0 type=1 insize=2929 outsize=6 kw= ok=1
Cmd: compileSnippet
  api=0 type=0 insize=2920 outsize=1315 kw= ok=1
Cmd: compileSnippet
  api=0 type=1 insize=2920 outsize=6 kw= ok=1
Cmd: compileSnippet
  api=0 type=0 insize=2919 outsize=1391 kw= ok=1
Cmd: compileSnippet
  api=0 type=1 insize=2919 outsize=6 kw= ok=1
Cmd: compileSnippet
  api=0 type=0 insize=2931 outsize=1530 kw= ok=1
Cmd: compileSnippet
  api=0 type=1 insize=2931 outsize=6 kw= ok=1
Cmd: preprocess
  insize=1000 outsize=249 ok=1
Cmd: compileSnippet
  api=0 type=0 insize=1053 outsize=933 kw= ok=1
Cmd: compileSnippet
  api=0 type=1 insize=1053 outsize=6 kw= ok=1
Cmd: preprocess
  insize=5357 outsize=1799 ok=1
Cmd: compileSnippet
  api=0 type=0 insize=3204 outsize=611 kw= ok=1
Cmd: compileSnippet
  api=0 type=1 insize=3204 outsize=6 kw= ok=1
Cmd: compileSnippet
  api=0 type=0 insize=3201 outsize=579 kw= ok=1
Cmd: compileSnippet
  api=0 type=1 insize=3201 outsize=6 kw= ok=1
Cmd: compileSnippet
  api=0 type=0 insize=3217 outsize=1137 kw= ok=1
Cmd: compileSnippet
  api=0 type=1 insize=3217 outsize=6 kw= ok=1
Cmd: compileSnippet
  api=0 type=0 insize=3209 outsize=506 kw= ok=1
Cmd: compileSnippet
  api=0 type=1 insize=3209 outsize=6 kw= ok=1
Cmd: compileSnippet
  api=0 type=0 insize=3209 outsize=611 kw= ok=1
Cmd: compileSnippet
  api=0 type=1 insize=3209 outsize=6 kw= ok=1
Cmd: compileSnippet
  api=0 type=0 insize=3206 outsize=579 kw= ok=1
Cmd: compileSnippet
  api=0 type=1 insize=3206 outsize=6 kw= ok=1
Cmd: compileSnippet
  api=0 type=0 insize=3218 outsize=1061 kw= ok=1
Cmd: compileSnippet
  api=0 type=1 insize=3218 outsize=6 kw= ok=1
Cmd: compileSnippet
  api=0 type=0 insize=3211 outsize=520 kw= ok=1
Cmd: compileSnippet
  api=0 type=1 insize=3211 outsize=6 kw= ok=1
Cmd: compileSnippet
  api=0 type=0 insize=3203 outsize=363 kw= ok=1
Cmd: compileSnippet
  api=0 type=1 insize=3203 outsize=6 kw= ok=1
Cmd: compileSnippet
  api=0 type=0 insize=3207 outsize=471 kw= ok=1
Cmd: compileSnippet
  api=0 type=1 insize=3207 outsize=6 kw= ok=1
Cmd: compileSnippet
  api=0 type=0 insize=3202 outsize=430 kw= ok=1
Cmd: compileSnippet
  api=0 type=1 insize=3202 outsize=6 kw= ok=1
Cmd: preprocess
  insize=13833 outsize=2059 ok=1
Cmd: compileSnippet
  api=0 type=0 insize=11195 outsize=1186 kw= ok=1
Cmd: compileSnippet
  api=0 type=1 insize=11195 outsize=6 kw= ok=1
Cmd: compileSnippet
  api=0 type=0 insize=11186 outsize=544 kw= ok=1
Cmd: compileSnippet
  api=0 type=1 insize=11186 outsize=6 kw= ok=1
Cmd: compileSnippet
  api=0 type=0 insize=11194 outsize=1615 kw= ok=1
Cmd: compileSnippet
  api=0 type=1 insize=11194 outsize=6 kw= ok=1
Cmd: compileSnippet
  api=0 type=0 insize=11199 outsize=3619 kw= ok=1
Cmd: compileSnippet
  api=0 type=1 insize=11199 outsize=6 kw= ok=1
Cmd: compileSnippet
  api=0 type=0 insize=11209 outsize=3334 kw= ok=1
Cmd: compileSnippet
  api=0 type=1 insize=11209 outsize=6 kw= ok=1
Cmd: compileSnippet
  api=0 type=0 insize=11196 outsize=688 kw= ok=1
Cmd: compileSnippet
  api=0 type=1 insize=11196 outsize=6 kw= ok=1
Cmd: compileSnippet
  api=0 type=0 insize=11195 outsize=1758 kw= ok=1
Cmd: compileSnippet
  api=0 type=1 insize=11195 outsize=6 kw= ok=1
Cmd: compileSnippet
  api=0 type=0 insize=11201 outsize=4118 kw= ok=1
Cmd: compileSnippet
  api=0 type=1 insize=11201 outsize=6 kw= ok=1
Cmd: preprocess
  insize=1038 outsize=358 ok=1
Cmd: compileSnippet
  api=0 type=0 insize=985 outsize=651 kw= ok=1
Cmd: compileSnippet
  api=0 type=1 insize=985 outsize=6 kw= ok=1
Cmd: preprocess
  insize=6289 outsize=752 ok=1
Cmd: preprocess
  insize=2955 outsize=781 ok=1
Cmd: compileSnippet
  api=0 type=0 insize=2222 outsize=698 kw= ok=1
Cmd: compileSnippet
  api=0 type=1 insize=2222 outsize=6 kw= ok=1
Cmd: compileSnippet
  api=0 type=0 insize=2224 outsize=730 kw= ok=1
Cmd: compileSnippet
  api=0 type=1 insize=2224 outsize=6 kw= ok=1
Cmd: compileSnippet
  api=0 type=0 insize=2226 outsize=698 kw= ok=1
Cmd: compileSnippet
  api=0 type=1 insize=2226 outsize=6 kw= ok=1
Cmd: compileSnippet
  api=0 type=0 insize=2225 outsize=1127 kw= ok=1
Cmd: compileSnippet
  api=0 type=1 insize=2225 outsize=6 kw= ok=1
Cmd: compileSnippet
  api=0 type=0 insize=2228 outsize=715 kw= ok=1
Cmd: compileSnippet
  api=0 type=1 insize=2228 outsize=6 kw= ok=1
Cmd: preprocess
  insize=11446 outsize=2624 ok=1
Cmd: compileSnippet
  api=0 type=0 insize=8607 outsize=3237 kw= ok=1
Cmd: compileSnippet
  api=0 type=1 insize=8607 outsize=6 kw= ok=1
Cmd: compileSnippet
  api=0 type=0 insize=8611 outsize=2005 kw= ok=1
Cmd: compileSnippet
  api=0 type=1 insize=8611 outsize=6 kw= ok=1
Cmd: compileSnippet
  api=0 type=0 insize=8610 outsize=523 kw= ok=1
Cmd: compileSnippet
  api=0 type=1 insize=8610 outsize=6 kw= ok=1
Cmd: compileSnippet
  api=0 type=0 insize=8614 outsize=1055 kw= ok=1
Cmd: compileSnippet
  api=0 type=1 insize=8614 outsize=6 kw= ok=1
Cmd: compileSnippet
  api=0 type=0 insize=8613 outsize=1181 kw= ok=1
Cmd: compileSnippet
  api=0 type=1 insize=8613 outsize=6 kw= ok=1
Cmd: preprocess
  insize=977 outsize=438 ok=1
Cmd: compileSnippet
  api=0 type=0 insize=841 outsize=537 kw= ok=1
Cmd: compileSnippet
  api=0 type=1 insize=841 outsize=6 kw= ok=1
Cmd: preprocess
  insize=13814 outsize=2625 ok=1
Cmd: compileSnippet
  api=0 type=0 insize=10228 outsize=474 kw= ok=1
Cmd: compileSnippet
  api=0 type=1 insize=10228 outsize=6 kw= ok=1
Cmd: compileSnippet
  api=0 type=0 insize=10227 outsize=1059 kw= ok=1
Cmd: compileSnippet
  api=0 type=1 insize=10227 outsize=6 kw= ok=1
Cmd: compileSnippet
  api=0 type=0 insize=10227 outsize=985 kw= ok=1
Cmd: compileSnippet
  api=0 type=1 insize=10227 outsize=6 kw= ok=1
Cmd: compileSnippet
  api=0 type=0 insize=10209 outsize=769 kw= ok=1
Cmd: compileSnippet
  api=0 type=1 insize=10209 outsize=6 kw= ok=1
Cmd: compileSnippet
  api=0 type=0 insize=10228 outsize=693 kw= ok=1
Cmd: compileSnippet
  api=0 type=1 insize=10228 outsize=6 kw= ok=1
Cmd: compileSnippet
  api=0 type=0 insize=10209 outsize=823 kw= ok=1
Cmd: compileSnippet
  api=0 type=1 insize=10209 outsize=6 kw= ok=1
Cmd: compileSnippet
  api=0 type=0 insize=10254 outsize=1291 kw= ok=1
Cmd: compileSnippet
  api=0 type=1 insize=10254 outsize=6 kw= ok=1
Cmd: compileSnippet
  api=0 type=0 insize=10208 outsize=263 kw= ok=1
Cmd: compileSnippet
  api=0 type=1 insize=10208 outsize=6 kw= ok=1
Cmd: compileSnippet
  api=0 type=0 insize=10212 outsize=330 kw= ok=1
Cmd: compileSnippet
  api=0 type=1 insize=10212 outsize=6 kw= ok=1
Cmd: compileSnippet
  api=0 type=0 insize=10234 outsize=2567 kw= ok=1
Cmd: compileSnippet
  api=0 type=1 insize=10234 outsize=6 kw= ok=1
Cmd: compileSnippet
  api=0 type=0 insize=10228 outsize=2633 kw= ok=1
Cmd: compileSnippet
  api=0 type=1 insize=10228 outsize=6 kw= ok=1
Cmd: compileSnippet
  api=0 type=0 insize=10234 outsize=2567 kw= ok=1
Cmd: compileSnippet
  api=0 type=1 insize=10234 outsize=6 kw= ok=1
Cmd: preprocess
  insize=1950 outsize=490 ok=1
Cmd: compileSnippet
  api=0 type=0 insize=1736 outsize=1019 kw= ok=1
Cmd: compileSnippet
  api=0 type=1 insize=1736 outsize=6 kw= ok=1
Cmd: compileSnippet
  api=0 type=0 insize=1749 outsize=1184 kw= ok=1
Cmd: compileSnippet
  api=0 type=1 insize=1749 outsize=6 kw= ok=1
Cmd: preprocess
  insize=1692 outsize=302 ok=1
Cmd: compileSnippet
  api=0 type=0 insize=1695 outsize=1349 kw= ok=1
Cmd: compileSnippet
  api=0 type=1 insize=1695 outsize=6 kw= ok=1
Cmd: preprocess
  insize=27271 outsize=4693 ok=1
Cmd: compileSnippet
  api=0 type=0 insize=19248 outsize=831 kw= ok=1
Cmd: compileSnippet
  api=0 type=1 insize=19248 outsize=6 kw= ok=1
Cmd: compileSnippet
  api=0 type=0 insize=19254 outsize=3180 kw= ok=1
Cmd: compileSnippet
  api=0 type=1 insize=19254 outsize=6 kw= ok=1
Cmd: compileSnippet
  api=0 type=0 insize=19257 outsize=4726 kw= ok=1
Cmd: compileSnippet
  api=0 type=1 insize=19257 outsize=6 kw= ok=1
Cmd: compileSnippet
  api=0 type=0 insize=19236 outsize=426 kw= ok=1
Cmd: compileSnippet
  api=0 type=1 insize=19236 outsize=6 kw= ok=1
Cmd: compileSnippet
  api=0 type=0 insize=19252 outsize=818 kw= ok=1
Cmd: compileSnippet
  api=0 type=1 insize=19252 outsize=6 kw= ok=1
Cmd: compileSnippet
  api=0 type=0 insize=19239 outsize=1660 kw= ok=1
Cmd: compileSnippet
  api=0 type=1 insize=19239 outsize=6 kw= ok=1
Cmd: compileSnippet
  api=0 type=0 insize=19250 outsize=1480 kw= ok=1
Cmd: compileSnippet
  api=0 type=1 insize=19250 outsize=6 kw= ok=1
Cmd: compileSnippet
  api=0 type=0 insize=19246 outsize=575 kw= ok=1
Cmd: compileSnippet
  api=0 type=1 insize=19246 outsize=6 kw= ok=1
Cmd: compileSnippet
  api=0 type=0 insize=19256 outsize=841 kw= ok=1
Cmd: compileSnippet
  api=0 type=1 insize=19256 outsize=6 kw= ok=1
Cmd: compileSnippet
  api=0 type=0 insize=19249 outsize=739 kw= ok=1
Cmd: compileSnippet
  api=0 type=1 insize=19249 outsize=6 kw= ok=1
Cmd: compileSnippet
  api=0 type=0 insize=19256 outsize=925 kw= ok=1
Cmd: compileSnippet
  api=0 type=1 insize=19256 outsize=6 kw= ok=1
Cmd: compileSnippet
  api=0 type=0 insize=19244 outsize=3029 kw= ok=1
Cmd: compileSnippet
  api=0 type=1 insize=19244 outsize=6 kw= ok=1
Cmd: compileSnippet
  api=0 type=0 insize=19253 outsize=2646 kw= ok=1
Cmd: compileSnippet
  api=0 type=1 insize=19253 outsize=6 kw= ok=1
Cmd: compileSnippet
  api=0 type=0 insize=19240 outsize=949 kw= ok=1
Cmd: compileSnippet
  api=0 type=1 insize=19240 outsize=6 kw= ok=1
Cmd: compileSnippet
  api=0 type=0 insize=19255 outsize=597 kw= ok=1
Cmd: compileSnippet
  api=0 type=1 insize=19255 outsize=6 kw= ok=1
Cmd: compileSnippet
  api=0 type=0 insize=19245 outsize=747 kw= ok=1
Cmd: compileSnippet
  api=0 type=1 insize=19245 outsize=6 kw= ok=1
Cmd: compileSnippet
  api=0 type=0 insize=19238 outsize=677 kw= ok=1
Cmd: compileSnippet
  api=0 type=1 insize=19238 outsize=6 kw= ok=1
Cmd: compileSnippet
  api=0 type=0 insize=19245 outsize=3536 kw= ok=1
Cmd: compileSnippet
  api=0 type=1 insize=19245 outsize=6 kw= ok=1
Cmd: compileSnippet
  api=0 type=0 insize=19253 outsize=3438 kw= ok=1
Cmd: compileSnippet
  api=0 type=1 insize=19253 outsize=6 kw= ok=1
Cmd: compileSnippet
  api=0 type=0 insize=19263 outsize=3577 kw= ok=1
Cmd: compileSnippet
  api=0 type=1 insize=19263 outsize=6 kw= ok=1
Cmd: compileSnippet
  api=0 type=0 insize=19241 outsize=549 kw= ok=1
Cmd: compileSnippet
  api=0 type=1 insize=19241 outsize=6 kw= ok=1
Cmd: compileSnippet
  api=0 type=0 insize=19243 outsize=1660 kw= ok=1
Cmd: compileSnippet
  api=0 type=1 insize=19243 outsize=6 kw= ok=1
Cmd: compileSnippet
  api=0 type=0 insize=19261 outsize=426 kw= ok=1
Cmd: compileSnippet
  api=0 type=1 insize=19261 outsize=6 kw= ok=1
Cmd: preprocess
  insize=4106 outsize=553 ok=1
Cmd: compileSnippet
  api=0 type=0 insize=3754 outsize=2057 kw= ok=1
Cmd: compileSnippet
  api=0 type=1 insize=3754 outsize=6 kw= ok=1
Cmd: compileSnippet
  api=0 type=0 insize=3766 outsize=1242 kw= ok=1
Cmd: compileSnippet
  api=0 type=1 insize=3766 outsize=6 kw= ok=1
Cmd: compileSnippet
  api=0 type=0 insize=3757 outsize=1692 kw= ok=1
Cmd: compileSnippet
  api=0 type=1 insize=3757 outsize=6 kw= ok=1
Cmd: preprocess
  insize=2274 outsize=1208 ok=1
Cmd: compileSnippet
  api=0 type=0 insize=1310 outsize=1843 kw= ok=1
Cmd: compileSnippet
  api=0 type=1 insize=1310 outsize=6 kw= ok=1
Cmd: preprocess
  insize=1026 outsize=351 ok=1
Cmd: compileSnippet
  api=0 type=0 insize=977 outsize=890 kw= ok=1
Cmd: compileSnippet
  api=0 type=1 insize=977 outsize=6 kw= ok=1
Cmd: preprocess
  insize=1123 outsize=458 ok=1
Cmd: compileSnippet
  api=0 type=0 insize=940 outsize=547 kw= ok=1
Cmd: compileSnippet
  api=0 type=1 insize=940 outsize=6 kw= ok=1
Cmd: compileSnippet
  api=0 type=0 insize=946 outsize=607 kw= ok=1
Cmd: compileSnippet
  api=0 type=1 insize=946 outsize=6 kw= ok=1
Cmd: preprocess
  insize=738 outsize=267 ok=1
Cmd: compileSnippet
  api=0 type=0 insize=771 outsize=551 kw= ok=1
Cmd: compileSnippet
  api=0 type=1 insize=771 outsize=6 kw= ok=1
Cmd: preprocess
  insize=5837 outsize=873 ok=1
Cmd: compileSnippet
  api=0 type=0 insize=4927 outsize=1894 kw= ok=1
Cmd: compileSnippet
  api=0 type=1 insize=4927 outsize=6 kw= ok=1
Cmd: compileSnippet
  api=0 type=0 insize=4929 outsize=1133 kw= ok=1
Cmd: compileSnippet
  api=0 type=1 insize=4929 outsize=6 kw= ok=1
Cmd: compileSnippet
  api=0 type=0 insize=4933 outsize=1175 kw= ok=1
Cmd: compileSnippet
  api=0 type=1 insize=4933 outsize=6 kw= ok=1
Cmd: compileSnippet
  api=0 type=0 insize=4942 outsize=700 kw= ok=1
Cmd: compileSnippet
  api=0 type=1 insize=4942 outsize=6 kw= ok=1
Cmd: compileSnippet
  api=0 type=0 insize=4923 outsize=1894 kw= ok=1
Cmd: compileSnippet
  api=0 type=1 insize=4923 outsize=6 kw= ok=1
Cmd: preprocess
  insize=5633 outsize=757 ok=1
Cmd: compileSnippet
  api=0 type=0 insize=4670 outsize=660 kw= ok=1
Cmd: compileSnippet
  api=0 type=1 insize=4670 outsize=6 kw= ok=1
Cmd: compileSnippet
  api=0 type=0 insize=4674 outsize=1572 kw= ok=1
Cmd: compileSnippet
  api=0 type=1 insize=4674 outsize=6 kw= ok=1
Cmd: compileSnippet
  api=0 type=0 insize=4684 outsize=2170 kw= ok=1
Cmd: compileSnippet
  api=0 type=1 insize=4684 outsize=6 kw= ok=1
Cmd: compileSnippet
  api=0 type=0 insize=4679 outsize=1909 kw= ok=1
Cmd: compileSnippet
  api=0 type=1 insize=4679 outsize=6 kw= ok=1
Cmd: compileSnippet
  api=0 type=0 insize=4685 outsize=1351 kw= ok=1
Cmd: compileSnippet
  api=0 type=1 insize=4685 outsize=6 kw= ok=1
Cmd: preprocess
  insize=7257 outsize=922 ok=1
Cmd: compileSnippet
  api=0 type=0 insize=5673 outsize=460 kw= ok=1
Cmd: compileSnippet
  api=0 type=1 insize=5673 outsize=6 kw= ok=1
Cmd: compileSnippet
  api=0 type=0 insize=5672 outsize=501 kw= ok=1
Cmd: compileSnippet
  api=0 type=1 insize=5672 outsize=6 kw= ok=1
Cmd: compileSnippet
  api=0 type=0 insize=5666 outsize=2652 kw= ok=1
Cmd: compileSnippet
  api=0 type=1 insize=5666 outsize=6 kw= ok=1
Cmd: compileSnippet
  api=0 type=0 insize=5665 outsize=2693 kw= ok=1
Cmd: compileSnippet
  api=0 type=1 insize=5665 outsize=6 kw= ok=1
Cmd: compileSnippet
  api=0 type=0 insize=5668 outsize=2776 kw= ok=1
Cmd: compileSnippet
  api=0 type=1 insize=5668 outsize=6 kw= ok=1
Cmd: compileSnippet
  api=0 type=0 insize=5667 outsize=2808 kw= ok=1
Cmd: compileSnippet
  api=0 type=1 insize=5667 outsize=6 kw= ok=1
Cmd: compileSnippet
  api=0 type=0 insize=5669 outsize=601 kw= ok=1
Cmd: compileSnippet
  api=0 type=1 insize=5669 outsize=6 kw= ok=1
Cmd: preprocess
  insize=4848 outsize=1016 ok=1
Cmd: compileSnippet
  api=0 type=0 insize=3817 outsize=494 kw= ok=1
Cmd: compileSnippet
  api=0 type=1 insize=3817 outsize=6 kw= ok=1
Cmd: compileSnippet
  api=0 type=0 insize=3824 outsize=1113 kw= ok=1
Cmd: compileSnippet
  api=0 type=1 insize=3824 outsize=6 kw= ok=1
Cmd: compileSnippet
  api=0 type=0 insize=3822 outsize=1019 kw= ok=1
Cmd: compileSnippet
  api=0 type=1 insize=3822 outsize=6 kw= ok=1
Cmd: compileSnippet
  api=0 type=0 insize=3824 outsize=1184 kw= ok=1
Cmd: compileSnippet
  api=0 type=1 insize=3824 outsize=6 kw= ok=1
Cmd: compileSnippet
  api=0 type=0 insize=3814 outsize=462 kw= ok=1
Cmd: compileSnippet
  api=0 type=1 insize=3814 outsize=6 kw= ok=1
Cmd: preprocess
  insize=5752 outsize=1269 ok=1
Cmd: preprocess
  insize=721 outsize=317 ok=1
Cmd: compileSnippet
  api=0 type=0 insize=706 outsize=889 kw= ok=1
Cmd: compileSnippet
  api=0 type=1 insize=706 outsize=6 kw= ok=1
Cmd: preprocess
  insize=3918 outsize=651 ok=1
Cmd: compileSnippet
  api=0 type=0 insize=3312 outsize=497 kw= ok=1
Cmd: compileSnippet
  api=0 type=1 insize=3312 outsize=6 kw= ok=1
Cmd: compileSnippet
  api=0 type=0 insize=3319 outsize=1561 kw= ok=1
Cmd: compileSnippet
  api=0 type=1 insize=3319 outsize=6 kw= ok=1
Cmd: compileSnippet
  api=0 type=0 insize=3328 outsize=1726 kw= ok=1
Cmd: compileSnippet
  api=0 type=1 insize=3328 outsize=6 kw= ok=1
Cmd: compileSnippet
  api=0 type=0 insize=3323 outsize=1904 kw= ok=1
Cmd: compileSnippet
  api=0 type=1 insize=3323 outsize=6 kw= ok=1
Cmd: preprocess
  insize=873 outsize=301 ok=1
Cmd: compileSnippet
  api=0 type=0 insize=877 outsize=551 kw= ok=1
Cmd: compileSnippet
  api=0 type=1 insize=877 outsize=6 kw= ok=1
Cmd: preprocess
  insize=1339 outsize=296 ok=1
Cmd: compileSnippet
  api=0 type=0 insize=1347 outsize=1095 kw= ok=1
Cmd: compileSnippet
  api=0 type=1 insize=1347 outsize=6 kw= ok=1
Cmd: preprocess
  insize=2143 outsize=982 ok=1
Cmd: compileSnippet
  api=0 type=0 insize=905 outsize=491 kw= ok=1
Cmd: compileSnippet
  api=0 type=1 insize=905 outsize=6 kw= ok=1
Cmd: compileSnippet
  api=0 type=0 insize=860 outsize=390 kw= ok=1
Cmd: compileSnippet
  api=0 type=1 insize=860 outsize=6 kw= ok=1
Cmd: preprocess
  insize=5314 outsize=775 ok=1
Cmd: preprocess
  insize=1213 outsize=389 ok=1
Cmd: compileSnippet
  api=0 type=0 insize=1129 outsize=1113 kw= ok=1
Cmd: compileSnippet
  api=0 type=1 insize=1129 outsize=6 kw= ok=1
Cmd: preprocess
  insize=574 outsize=259 ok=1
Cmd: compileSnippet
  api=0 type=0 insize=617 outsize=195 kw= ok=1
Cmd: compileSnippet
  api=0 type=1 insize=617 outsize=6 kw= ok=1
Cmd: preprocess
  insize=724 outsize=315 ok=1
Cmd: compileSnippet
  api=0 type=0 insize=714 outsize=371 kw= ok=1
Cmd: compileSnippet
  api=0 type=1 insize=714 outsize=6 kw= ok=1
Cmd: preprocess
  insize=5281 outsize=888 ok=1
Cmd: compileSnippet
  api=0 type=0 insize=4431 outsize=952 kw= ok=1
Cmd: compileSnippet
  api=0 type=1 insize=4431 outsize=6 kw= ok=1
Cmd: compileSnippet
  api=0 type=0 insize=4435 outsize=1582 kw= ok=1
Cmd: compileSnippet
  api=0 type=1 insize=4435 outsize=6 kw= ok=1
Cmd: compileSnippet
  api=0 type=0 insize=4436 outsize=1582 kw= ok=1
Cmd: compileSnippet
  api=0 type=1 insize=4436 outsize=6 kw= ok=1
Cmd: compileSnippet
  api=0 type=0 insize=4440 outsize=1637 kw= ok=1
Cmd: compileSnippet
  api=0 type=1 insize=4440 outsize=6 kw= ok=1
Cmd: compileSnippet
  api=0 type=0 insize=4441 outsize=1559 kw= ok=1
Cmd: compileSnippet
  api=0 type=1 insize=4441 outsize=6 kw= ok=1
Cmd: preprocess
  insize=1727 outsize=682 ok=1
Cmd: compileSnippet
  api=0 type=0 insize=1346 outsize=1678 kw= ok=1
Cmd: compileSnippet
  api=0 type=1 insize=1346 outsize=6 kw= ok=1
Cmd: compileSnippet
  api=0 type=0 insize=6810 outsize=2287 kw=DIRECTIONAL SHADOWS_OFF LIGHTMAP_OFF DIRLIGHTMAP_OFF DYNAMICLIGHTMAP_OFF ok=1
Cmd: compileSnippet
  api=0 type=1 insize=6810 outsize=6 kw=DIRECTIONAL SHADOWS_OFF LIGHTMAP_OFF DIRLIGHTMAP_OFF DYNAMICLIGHTMAP_OFF ok=1
Cmd: compileSnippet
  api=0 type=0 insize=3647 outsize=1476 kw=DIRECTIONAL ok=1
Cmd: compileSnippet
  api=0 type=1 insize=3647 outsize=6 kw=DIRECTIONAL ok=1
Cmd: compileSnippet
  api=0 type=0 insize=7265 outsize=2789 kw=DIRECTIONAL SHADOWS_OFF LIGHTMAP_OFF DIRLIGHTMAP_OFF DYNAMICLIGHTMAP_OFF ok=1
Cmd: compileSnippet
  api=0 type=1 insize=7265 outsize=6 kw=DIRECTIONAL SHADOWS_OFF LIGHTMAP_OFF DIRLIGHTMAP_OFF DYNAMICLIGHTMAP_OFF ok=1
Cmd: compileSnippet
  api=0 type=0 insize=3870 outsize=1604 kw=DIRECTIONAL ok=1
Cmd: compileSnippet
  api=0 type=1 insize=3870 outsize=6 kw=DIRECTIONAL ok=1
Cmd: compileSnippet
  api=0 type=0 insize=3101 outsize=4277 kw=SHADOWS_DEPTH ok=1
Cmd: compileSnippet
  api=0 type=1 insize=3101 outsize=6 kw=SHADOWS_DEPTH ok=1
Cmd: compileSnippet
  api=0 type=0 insize=6869 outsize=7234 kw=DIRECTIONAL SHADOWS_OFF LIGHTMAP_OFF DIRLIGHTMAP_OFF DYNAMICLIGHTMAP_OFF ok=1
Cmd: compileSnippet
  api=0 type=1 insize=6869 outsize=6 kw=DIRECTIONAL SHADOWS_OFF LIGHTMAP_OFF DIRLIGHTMAP_OFF DYNAMICLIGHTMAP_OFF ok=1
Cmd: compileSnippet
  api=0 type=0 insize=3071 outsize=3557 kw=SHADOWS_DEPTH ok=1
Cmd: compileSnippet
  api=0 type=1 insize=3071 outsize=6 kw=SHADOWS_DEPTH ok=1
Cmd: compileSnippet
  api=0 type=0 insize=7509 outsize=6037 kw=DIRECTIONAL SHADOWS_OFF LIGHTMAP_OFF DIRLIGHTMAP_OFF DYNAMICLIGHTMAP_OFF ok=1
Cmd: compileSnippet
  api=0 type=1 insize=7509 outsize=6 kw=DIRECTIONAL SHADOWS_OFF LIGHTMAP_OFF DIRLIGHTMAP_OFF DYNAMICLIGHTMAP_OFF ok=1
Cmd: compileSnippet
  api=0 type=0 insize=1105 outsize=4287 kw=SHADOWS_DEPTH ok=1
Cmd: compileSnippet
  api=0 type=1 insize=1105 outsize=6 kw=SHADOWS_DEPTH ok=1
Cmd: compileSnippet
  api=0 type=0 insize=6872 outsize=7284 kw=DIRECTIONAL SHADOWS_OFF LIGHTMAP_OFF DIRLIGHTMAP_OFF DYNAMICLIGHTMAP_OFF ok=1
Cmd: compileSnippet
  api=0 type=1 insize=6872 outsize=6 kw=DIRECTIONAL SHADOWS_OFF LIGHTMAP_OFF DIRLIGHTMAP_OFF DYNAMICLIGHTMAP_OFF ok=1
Cmd: compileSnippet
  api=0 type=0 insize=5077 outsize=5045 kw=DIRECTIONAL ok=1
Cmd: compileSnippet
  api=0 type=1 insize=5077 outsize=6 kw=DIRECTIONAL ok=1
Cmd: compileSnippet
  api=0 type=0 insize=7025 outsize=2691 kw=DIRECTIONAL SHADOWS_OFF LIGHTMAP_OFF DIRLIGHTMAP_OFF DYNAMICLIGHTMAP_OFF ok=1
Cmd: compileSnippet
  api=0 type=1 insize=7025 outsize=6 kw=DIRECTIONAL SHADOWS_OFF LIGHTMAP_OFF DIRLIGHTMAP_OFF DYNAMICLIGHTMAP_OFF ok=1
Cmd: compileSnippet
  api=0 type=0 insize=3820 outsize=1852 kw=DIRECTIONAL ok=1
Cmd: compileSnippet
  api=0 type=1 insize=3820 outsize=6 kw=DIRECTIONAL ok=1
Cmd: compileSnippet
  api=0 type=0 insize=990 outsize=450 kw= ok=1
Cmd: compileSnippet
  api=0 type=1 insize=990 outsize=6 kw= ok=1
Cmd: compileSnippet
  api=0 type=0 insize=797 outsize=2236 kw=SHADOWS_DEPTH ok=1
Cmd: compileSnippet
  api=0 type=1 insize=797 outsize=6 kw=SHADOWS_DEPTH ok=1
Cmd: compileSnippet
  api=0 type=0 insize=6862 outsize=2346 kw=DIRECTIONAL SHADOWS_OFF LIGHTMAP_OFF DIRLIGHTMAP_OFF DYNAMICLIGHTMAP_OFF ok=1
Cmd: compileSnippet
  api=0 type=1 insize=6862 outsize=6 kw=DIRECTIONAL SHADOWS_OFF LIGHTMAP_OFF DIRLIGHTMAP_OFF DYNAMICLIGHTMAP_OFF ok=1
Cmd: compileSnippet
  api=0 type=0 insize=3686 outsize=1535 kw=DIRECTIONAL ok=1
Cmd: compileSnippet
  api=0 type=1 insize=3686 outsize=6 kw=DIRECTIONAL ok=1
Cmd: compileSnippet
  api=0 type=0 insize=1329 outsize=1083 kw= ok=1
Cmd: compileSnippet
  api=0 type=1 insize=1329 outsize=6 kw= ok=1
Cmd: compileSnippet
  api=0 type=0 insize=1325 outsize=1078 kw= ok=1
Cmd: compileSnippet
  api=0 type=1 insize=1325 outsize=6 kw= ok=1
Cmd: compileSnippet
  api=0 type=0 insize=1325 outsize=1078 kw= ok=1
Cmd: compileSnippet
  api=0 type=1 insize=1325 outsize=6 kw= ok=1
Cmd: compileSnippet
  api=0 type=0 insize=1329 outsize=1083 kw= ok=1
Cmd: compileSnippet
  api=0 type=1 insize=1329 outsize=6 kw= ok=1
Cmd: compileSnippet
  api=0 type=0 insize=1317 outsize=1068 kw= ok=1
Cmd: compileSnippet
  api=0 type=1 insize=1317 outsize=6 kw= ok=1
Cmd: compileSnippet
  api=0 type=0 insize=1327 outsize=1078 kw= ok=1
Cmd: compileSnippet
  api=0 type=1 insize=1327 outsize=6 kw= ok=1
Cmd: compileSnippet
  api=0 type=0 insize=2996 outsize=3557 kw=SHADOWS_DEPTH ok=1
Cmd: compileSnippet
  api=0 type=1 insize=2996 outsize=6 kw=SHADOWS_DEPTH ok=1
Cmd: compileSnippet
  api=0 type=0 insize=7434 outsize=5959 kw=DIRECTIONAL SHADOWS_OFF LIGHTMAP_OFF DIRLIGHTMAP_OFF DYNAMICLIGHTMAP_OFF ok=1
Cmd: compileSnippet
  api=0 type=1 insize=7434 outsize=6 kw=DIRECTIONAL SHADOWS_OFF LIGHTMAP_OFF DIRLIGHTMAP_OFF DYNAMICLIGHTMAP_OFF ok=1
Cmd: compileSnippet
  api=0 type=0 insize=5002 outsize=4967 kw=DIRECTIONAL ok=1
Cmd: compileSnippet
  api=0 type=1 insize=5002 outsize=6 kw=DIRECTIONAL ok=1
Cmd: compileSnippet
  api=0 type=0 insize=6810 outsize=3059 kw=DIRECTIONAL SHADOWS_SCREEN LIGHTMAP_OFF DIRLIGHTMAP_OFF DYNAMICLIGHTMAP_OFF FOG_EXP2 ok=1
Cmd: compileSnippet
  api=0 type=1 insize=6810 outsize=6 kw=DIRECTIONAL SHADOWS_SCREEN LIGHTMAP_OFF DIRLIGHTMAP_OFF DYNAMICLIGHTMAP_OFF FOG_EXP2 ok=1
Cmd: compileSnippet
  api=0 type=0 insize=7025 outsize=3495 kw=DIRECTIONAL SHADOWS_SCREEN LIGHTMAP_OFF DIRLIGHTMAP_OFF DYNAMICLIGHTMAP_OFF FOG_EXP2 ok=1
Cmd: compileSnippet
  api=0 type=1 insize=7025 outsize=6 kw=DIRECTIONAL SHADOWS_SCREEN LIGHTMAP_OFF DIRLIGHTMAP_OFF DYNAMICLIGHTMAP_OFF FOG_EXP2 ok=1
Cmd: compileSnippet
  api=0 type=0 insize=7265 outsize=3604 kw=DIRECTIONAL SHADOWS_SCREEN LIGHTMAP_OFF DIRLIGHTMAP_OFF DYNAMICLIGHTMAP_OFF FOG_EXP2 ok=1
Cmd: compileSnippet
  api=0 type=1 insize=7265 outsize=6 kw=DIRECTIONAL SHADOWS_SCREEN LIGHTMAP_OFF DIRLIGHTMAP_OFF DYNAMICLIGHTMAP_OFF FOG_EXP2 ok=1
Cmd: compileSnippet
  api=0 type=0 insize=7509 outsize=6852 kw=DIRECTIONAL SHADOWS_SCREEN LIGHTMAP_OFF DIRLIGHTMAP_OFF DYNAMICLIGHTMAP_OFF FOG_EXP2 ok=1
Cmd: compileSnippet
  api=0 type=1 insize=7509 outsize=6 kw=DIRECTIONAL SHADOWS_SCREEN LIGHTMAP_OFF DIRLIGHTMAP_OFF DYNAMICLIGHTMAP_OFF FOG_EXP2 ok=1
Cmd: compileSnippet
  api=0 type=0 insize=6872 outsize=8146 kw=DIRECTIONAL SHADOWS_SCREEN LIGHTMAP_OFF DIRLIGHTMAP_OFF DYNAMICLIGHTMAP_OFF FOG_EXP2 ok=1
Cmd: compileSnippet
  api=0 type=1 insize=6872 outsize=6 kw=DIRECTIONAL SHADOWS_SCREEN LIGHTMAP_OFF DIRLIGHTMAP_OFF DYNAMICLIGHTMAP_OFF FOG_EXP2 ok=1
Cmd: compileSnippet
  api=0 type=0 insize=990 outsize=787 kw=FOG_EXP2 ok=1
Cmd: compileSnippet
  api=0 type=1 insize=990 outsize=6 kw=FOG_EXP2 ok=1
Cmd: compileSnippet
  api=0 type=0 insize=6862 outsize=3168 kw=DIRECTIONAL SHADOWS_SCREEN LIGHTMAP_OFF DIRLIGHTMAP_OFF DYNAMICLIGHTMAP_OFF FOG_EXP2 ok=1
Cmd: compileSnippet
  api=0 type=1 insize=6862 outsize=6 kw=DIRECTIONAL SHADOWS_SCREEN LIGHTMAP_OFF DIRLIGHTMAP_OFF DYNAMICLIGHTMAP_OFF FOG_EXP2 ok=1
Cmd: compileSnippet
  api=0 type=0 insize=7523 outsize=5129 kw=DIRECTIONAL SHADOWS_SCREEN LIGHTMAP_OFF DIRLIGHTMAP_OFF DYNAMICLIGHTMAP_OFF FOG_EXP2 ok=1
Cmd: compileSnippet
  api=0 type=1 insize=7523 outsize=6 kw=DIRECTIONAL SHADOWS_SCREEN LIGHTMAP_OFF DIRLIGHTMAP_OFF DYNAMICLIGHTMAP_OFF FOG_EXP2 ok=1
Cmd: compileSnippet
  api=0 type=0 insize=6731 outsize=2630 kw=DIRECTIONAL LIGHTMAP_OFF DIRLIGHTMAP_OFF DYNAMICLIGHTMAP_OFF FOG_EXP2 ok=1
Cmd: compileSnippet
  api=0 type=1 insize=6731 outsize=6 kw=DIRECTIONAL LIGHTMAP_OFF DIRLIGHTMAP_OFF DYNAMICLIGHTMAP_OFF FOG_EXP2 ok=1
Cmd: compileSnippet
  api=0 type=0 insize=7523 outsize=4662 kw=DIRECTIONAL SHADOWS_OFF LIGHTMAP_OFF DIRLIGHTMAP_OFF DYNAMICLIGHTMAP_OFF FOG_EXP2 ok=1
Cmd: compileSnippet
  api=0 type=1 insize=7523 outsize=6 kw=DIRECTIONAL SHADOWS_OFF LIGHTMAP_OFF DIRLIGHTMAP_OFF DYNAMICLIGHTMAP_OFF FOG_EXP2 ok=1
Cmd: compileSnippet
  api=0 type=0 insize=6810 outsize=2628 kw=DIRECTIONAL SHADOWS_OFF LIGHTMAP_OFF DIRLIGHTMAP_OFF DYNAMICLIGHTMAP_OFF FOG_EXP2 ok=1
Cmd: compileSnippet
  api=0 type=1 insize=6810 outsize=6 kw=DIRECTIONAL SHADOWS_OFF LIGHTMAP_OFF DIRLIGHTMAP_OFF DYNAMICLIGHTMAP_OFF FOG_EXP2 ok=1
Cmd: compileSnippet
  api=0 type=0 insize=7025 outsize=3032 kw=DIRECTIONAL SHADOWS_OFF LIGHTMAP_OFF DIRLIGHTMAP_OFF DYNAMICLIGHTMAP_OFF FOG_EXP2 ok=1
Cmd: compileSnippet
  api=0 type=1 insize=7025 outsize=6 kw=DIRECTIONAL SHADOWS_OFF LIGHTMAP_OFF DIRLIGHTMAP_OFF DYNAMICLIGHTMAP_OFF FOG_EXP2 ok=1
Cmd: compileSnippet
  api=0 type=0 insize=6862 outsize=2737 kw=DIRECTIONAL SHADOWS_OFF LIGHTMAP_OFF DIRLIGHTMAP_OFF DYNAMICLIGHTMAP_OFF FOG_EXP2 ok=1
Cmd: compileSnippet
  api=0 type=1 insize=6862 outsize=6 kw=DIRECTIONAL SHADOWS_OFF LIGHTMAP_OFF DIRLIGHTMAP_OFF DYNAMICLIGHTMAP_OFF FOG_EXP2 ok=1
Cmd: compileSnippet
  api=0 type=0 insize=7265 outsize=3173 kw=DIRECTIONAL SHADOWS_OFF LIGHTMAP_OFF DIRLIGHTMAP_OFF DYNAMICLIGHTMAP_OFF FOG_EXP2 ok=1
Cmd: compileSnippet
  api=0 type=1 insize=7265 outsize=6 kw=DIRECTIONAL SHADOWS_OFF LIGHTMAP_OFF DIRLIGHTMAP_OFF DYNAMICLIGHTMAP_OFF FOG_EXP2 ok=1
Cmd: compileSnippet
  api=0 type=0 insize=7509 outsize=6382 kw=DIRECTIONAL SHADOWS_OFF LIGHTMAP_OFF DIRLIGHTMAP_OFF DYNAMICLIGHTMAP_OFF FOG_EXP2 ok=1
Cmd: compileSnippet
  api=0 type=1 insize=7509 outsize=6 kw=DIRECTIONAL SHADOWS_OFF LIGHTMAP_OFF DIRLIGHTMAP_OFF DYNAMICLIGHTMAP_OFF FOG_EXP2 ok=1
Cmd: compileSnippet
  api=0 type=0 insize=6872 outsize=7654 kw=DIRECTIONAL SHADOWS_OFF LIGHTMAP_OFF DIRLIGHTMAP_OFF DYNAMICLIGHTMAP_OFF FOG_EXP2 ok=1
Cmd: compileSnippet
  api=0 type=1 insize=6872 outsize=6 kw=DIRECTIONAL SHADOWS_OFF LIGHTMAP_OFF DIRLIGHTMAP_OFF DYNAMICLIGHTMAP_OFF FOG_EXP2 ok=1
Cmd: compileSnippet
  api=0 type=0 insize=982 outsize=10546 kw=DIRECTIONAL SHADOWS_SCREEN LIGHTMAP_OFF DIRLIGHTMAP_OFF DYNAMICLIGHTMAP_OFF FOG_EXP2 ok=1
Cmd: compileSnippet
  api=0 type=1 insize=982 outsize=6 kw=DIRECTIONAL SHADOWS_SCREEN LIGHTMAP_OFF DIRLIGHTMAP_OFF DYNAMICLIGHTMAP_OFF FOG_EXP2 ok=1
Cmd: compileSnippet
  api=0 type=0 insize=982 outsize=10079 kw=DIRECTIONAL SHADOWS_OFF LIGHTMAP_OFF DIRLIGHTMAP_OFF DYNAMICLIGHTMAP_OFF FOG_EXP2 ok=1
Cmd: compileSnippet
  api=0 type=1 insize=982 outsize=6 kw=DIRECTIONAL SHADOWS_OFF LIGHTMAP_OFF DIRLIGHTMAP_OFF DYNAMICLIGHTMAP_OFF FOG_EXP2 ok=1
